2023-09-08 22:38:02,212 - test_login.py - line24 - > INFO : ====登录接口开始测试>>>>>>>>>>
2023-09-08 22:38:02,212 - test_login.py - line31 - > INFO : 用例【验证登录成功：用户正确,密码正确】开始测试
2023-09-08 22:38:02,643 - test_login.py - line40 - > DEBUG : url:http://101.35.51.221:8099/admin/login
2023-09-08 22:38:02,643 - test_login.py - line41 - > DEBUG : method:post
2023-09-08 22:38:02,644 - test_login.py - line42 - > DEBUG : request_data:{'username': 'test', 'password': '123456'}
2023-09-08 22:38:02,644 - test_login.py - line53 - > INFO : 状态码断言成功！
2023-09-08 22:38:02,645 - test_login.py - line66 - > INFO : 请求结果断言成功!
2023-09-08 22:38:02,645 - test_login.py - line68 - > INFO : 用例【验证登录成功：用户正确,密码正确】结束测试
2023-09-08 22:38:02,655 - test_login.py - line27 - > INFO : ====登录接口测试结束<<<<<<<<<<
2023-09-08 22:38:02,655 - test_login.py - line31 - > INFO : 用例【验证登录失败：用户正确,密码错误】开始测试
2023-09-08 22:38:03,051 - test_login.py - line40 - > DEBUG : url:http://101.35.51.221:8099/admin/login
2023-09-08 22:38:03,051 - test_login.py - line41 - > DEBUG : method:post
2023-09-08 22:38:03,051 - test_login.py - line42 - > DEBUG : request_data:{'username': 'test', 'password': '1234567'}
2023-09-08 22:38:03,051 - test_login.py - line53 - > INFO : 状态码断言成功！
2023-09-08 22:38:03,051 - test_login.py - line66 - > INFO : 请求结果断言成功!
2023-09-08 22:38:03,051 - test_login.py - line68 - > INFO : 用例【验证登录失败：用户正确,密码错误】结束测试
2023-09-08 22:38:03,051 - test_login.py - line27 - > INFO : ====登录接口测试结束<<<<<<<<<<
2023-09-08 22:38:03,051 - test_login.py - line31 - > INFO : 用例【验证登录失败：用户错误,密码正确】开始测试
2023-09-08 22:38:03,245 - test_login.py - line40 - > DEBUG : url:http://101.35.51.221:8099/admin/login
2023-09-08 22:38:03,246 - test_login.py - line41 - > DEBUG : method:post
2023-09-08 22:38:03,246 - test_login.py - line42 - > DEBUG : request_data:{'username': 'test1', 'password': '123456'}
2023-09-08 22:38:03,247 - test_login.py - line53 - > INFO : 状态码断言成功！
2023-09-08 22:38:03,247 - test_login.py - line66 - > INFO : 请求结果断言成功!
2023-09-08 22:38:03,247 - test_login.py - line68 - > INFO : 用例【验证登录失败：用户错误,密码正确】结束测试
2023-09-08 22:38:03,248 - test_login.py - line27 - > INFO : ====登录接口测试结束<<<<<<<<<<
2023-09-08 22:38:03,249 - test_login.py - line31 - > INFO : 用例【验证登录失败：用户错误,密码错误】开始测试
2023-09-08 22:38:03,451 - test_login.py - line40 - > DEBUG : url:http://101.35.51.221:8099/admin/login
2023-09-08 22:38:03,452 - test_login.py - line41 - > DEBUG : method:post
2023-09-08 22:38:03,452 - test_login.py - line42 - > DEBUG : request_data:{'username': 'test1', 'password': '1234561'}
2023-09-08 22:38:03,452 - test_login.py - line53 - > INFO : 状态码断言成功！
2023-09-08 22:38:03,453 - test_login.py - line66 - > INFO : 请求结果断言成功!
2023-09-08 22:38:03,453 - test_login.py - line68 - > INFO : 用例【验证登录失败：用户错误,密码错误】结束测试
2023-09-08 22:38:03,454 - test_login.py - line27 - > INFO : ====登录接口测试结束<<<<<<<<<<
2023-09-08 22:38:03,454 - test_register.py - line25 - > INFO : ====添加用户接口开始测试>>>>>>>>>>
2023-09-08 22:38:03,455 - test_register.py - line33 - > INFO : 用例【验证用户注册成功】开始测试
2023-09-08 22:38:03,555 - test_register.py - line41 - > DEBUG : url:http://101.35.51.221:8099/admin/register
2023-09-08 22:38:03,555 - test_register.py - line42 - > DEBUG : method:post
2023-09-08 22:38:03,556 - test_register.py - line43 - > DEBUG : request_data:{'id': None, 'username': 'athena', 'password': '123456', 'nickName': 'athena', 'email': '123456@qq.com', 'note': '接口测试', 'status': 1}
2023-09-08 22:38:03,556 - test_register.py - line54 - > INFO : 状态码断言成功！
2023-09-08 22:38:03,556 - test_register.py - line67 - > INFO : 请求结果断言成功!
2023-09-08 22:38:03,557 - test_register.py - line69 - > INFO : 用例【验证用户注册成功】结束测试
2023-09-08 22:38:03,557 - test_register.py - line28 - > INFO : ====添加用户接口测试结束<<<<<<<<<<
2023-09-08 22:39:02,883 - test_login.py - line24 - > INFO : ====登录接口开始测试>>>>>>>>>>
2023-09-08 22:39:02,883 - test_login.py - line31 - > INFO : 用例【验证登录成功：用户正确,密码正确】开始测试
2023-09-08 22:39:03,318 - test_login.py - line40 - > DEBUG : url:http://101.35.51.221:8099/admin/login
2023-09-08 22:39:03,319 - test_login.py - line41 - > DEBUG : method:post
2023-09-08 22:39:03,319 - test_login.py - line42 - > DEBUG : request_data:{'username': 'test', 'password': '123456'}
2023-09-08 22:39:03,320 - test_login.py - line53 - > INFO : 状态码断言成功！
2023-09-08 22:39:03,320 - test_login.py - line66 - > INFO : 请求结果断言成功!
2023-09-08 22:39:03,320 - test_login.py - line68 - > INFO : 用例【验证登录成功：用户正确,密码正确】结束测试
2023-09-08 22:39:03,320 - test_login.py - line27 - > INFO : ====登录接口测试结束<<<<<<<<<<
2023-09-08 22:39:03,321 - test_login.py - line31 - > INFO : 用例【验证登录失败：用户正确,密码错误】开始测试
2023-09-08 22:39:03,722 - test_login.py - line40 - > DEBUG : url:http://101.35.51.221:8099/admin/login
2023-09-08 22:39:03,723 - test_login.py - line41 - > DEBUG : method:post
2023-09-08 22:39:03,723 - test_login.py - line42 - > DEBUG : request_data:{'username': 'test', 'password': '1234567'}
2023-09-08 22:39:03,723 - test_login.py - line53 - > INFO : 状态码断言成功！
2023-09-08 22:39:03,723 - test_login.py - line66 - > INFO : 请求结果断言成功!
2023-09-08 22:39:03,724 - test_login.py - line68 - > INFO : 用例【验证登录失败：用户正确,密码错误】结束测试
2023-09-08 22:39:03,724 - test_login.py - line27 - > INFO : ====登录接口测试结束<<<<<<<<<<
2023-09-08 22:39:03,724 - test_login.py - line31 - > INFO : 用例【验证登录失败：用户错误,密码正确】开始测试
2023-09-08 22:39:03,922 - test_login.py - line40 - > DEBUG : url:http://101.35.51.221:8099/admin/login
2023-09-08 22:39:03,923 - test_login.py - line41 - > DEBUG : method:post
2023-09-08 22:39:03,923 - test_login.py - line42 - > DEBUG : request_data:{'username': 'test1', 'password': '123456'}
2023-09-08 22:39:03,923 - test_login.py - line53 - > INFO : 状态码断言成功！
2023-09-08 22:39:03,923 - test_login.py - line66 - > INFO : 请求结果断言成功!
2023-09-08 22:39:03,924 - test_login.py - line68 - > INFO : 用例【验证登录失败：用户错误,密码正确】结束测试
2023-09-08 22:39:03,924 - test_login.py - line27 - > INFO : ====登录接口测试结束<<<<<<<<<<
2023-09-08 22:39:03,924 - test_login.py - line31 - > INFO : 用例【验证登录失败：用户错误,密码错误】开始测试
2023-09-08 22:39:04,126 - test_login.py - line40 - > DEBUG : url:http://101.35.51.221:8099/admin/login
2023-09-08 22:39:04,128 - test_login.py - line41 - > DEBUG : method:post
2023-09-08 22:39:04,129 - test_login.py - line42 - > DEBUG : request_data:{'username': 'test1', 'password': '1234561'}
2023-09-08 22:39:04,129 - test_login.py - line53 - > INFO : 状态码断言成功！
2023-09-08 22:39:04,130 - test_login.py - line66 - > INFO : 请求结果断言成功!
2023-09-08 22:39:04,131 - test_login.py - line68 - > INFO : 用例【验证登录失败：用户错误,密码错误】结束测试
2023-09-08 22:39:04,132 - test_login.py - line27 - > INFO : ====登录接口测试结束<<<<<<<<<<
2023-09-08 22:39:04,133 - test_register.py - line25 - > INFO : ====添加用户接口开始测试>>>>>>>>>>
2023-09-08 22:39:04,134 - test_register.py - line33 - > INFO : 用例【验证用户注册成功】开始测试
2023-09-08 22:39:04,229 - test_register.py - line41 - > DEBUG : url:http://101.35.51.221:8099/admin/register
2023-09-08 22:39:04,230 - test_register.py - line42 - > DEBUG : method:post
2023-09-08 22:39:04,230 - test_register.py - line43 - > DEBUG : request_data:{'id': None, 'username': 'athena', 'password': '123456', 'nickName': 'athena', 'email': '123456@qq.com', 'note': '接口测试', 'status': 1}
2023-09-08 22:39:04,230 - test_register.py - line54 - > INFO : 状态码断言成功！
2023-09-08 22:39:04,231 - test_register.py - line67 - > INFO : 请求结果断言成功!
2023-09-08 22:39:04,231 - test_register.py - line69 - > INFO : 用例【验证用户注册成功】结束测试
2023-09-08 22:39:04,232 - test_register.py - line28 - > INFO : ====添加用户接口测试结束<<<<<<<<<<
